This is pdfTeX, Version 3.1415926-2.4-1.40.13 (TeX Live 2012/Debian) (format=pdflatex 2013.1.22)  6 FEB 2013 17:34
entering extended mode
 restricted \write18 enabled.
 %&-line parsing enabled.
**Hajaee_2.tex
(./Hajaee_2.tex
LaTeX2e <2011/06/27>
Babel <v3.8m> and hyphenation patterns for english, dumylang, nohyphenation, et
hiopic, farsi, arabic, pinyin, croatian, bulgarian, ukrainian, russian, slovak,
 czech, danish, dutch, usenglishmax, ukenglish, finnish, french, basque, ngerma
n, german, swissgerman, ngerman-x-2012-05-30, german-x-2012-05-30, monogreek, g
reek, ibycus, ancientgreek, hungarian, bengali, tamil, hindi, telugu, gujarati,
 sanskrit, malayalam, kannada, assamese, marathi, oriya, panjabi, italian, lati
n, latvian, lithuanian, mongolian, mongolianlmc, nynorsk, bokmal, indonesian, e
speranto, coptic, welsh, irish, interlingua, serbian, serbianc, slovenian, friu
lan, romansh, estonian, romanian, armenian, uppersorbian, turkish, afrikaans, i
celandic, kurmanji, polish, portuguese, galician, catalan, spanish, swedish, uk
english, loaded.
(/usr/share/texlive/texmf-dist/tex/latex/base/article.cls
Document Class: article 2007/10/19 v1.4h Standard LaTeX document class
(/usr/share/texlive/texmf-dist/tex/latex/base/size11.clo
File: size11.clo 2007/10/19 v1.4h Standard LaTeX file (size option)
)
\c@part=\count79
\c@section=\count80
\c@subsection=\count81
\c@subsubsection=\count82
\c@paragraph=\count83
\c@subparagraph=\count84
\c@figure=\count85
\c@table=\count86
\abovecaptionskip=\skip41
\belowcaptionskip=\skip42
\bibindent=\dimen102
)
(/usr/share/texlive/texmf-dist/tex/latex/url/url.sty
\Urlmuskip=\muskip10
Package: url 2006/04/12  ver 3.3  Verb mode for urls, etc.
)
(/usr/share/texlive/texmf-dist/tex/latex/hyperref/hyperref.sty
Package: hyperref 2012/05/13 v6.82q Hypertext links for LaTeX

(/usr/share/texlive/texmf-dist/tex/generic/oberdiek/hobsub-hyperref.sty
Package: hobsub-hyperref 2012/05/28 v1.13 Bundle oberdiek, subset hyperref (HO)


(/usr/share/texlive/texmf-dist/tex/generic/oberdiek/hobsub-generic.sty
Package: hobsub-generic 2012/05/28 v1.13 Bundle oberdiek, subset generic (HO)
Package: hobsub 2012/05/28 v1.13 Construct package bundles (HO)
Package: infwarerr 2010/04/08 v1.3 Providing info/warning/error messages (HO)
Package: ltxcmds 2011/11/09 v1.22 LaTeX kernel commands for general use (HO)
Package: ifluatex 2010/03/01 v1.3 Provides the ifluatex switch (HO)
Package ifluatex Info: LuaTeX not detected.
Package: ifvtex 2010/03/01 v1.5 Detect VTeX and its facilities (HO)
Package ifvtex Info: VTeX not detected.
Package: intcalc 2007/09/27 v1.1 Expandable calculations with integers (HO)
Package: ifpdf 2011/01/30 v2.3 Provides the ifpdf switch (HO)
Package ifpdf Info: pdfTeX in PDF mode is detected.
Package: etexcmds 2011/02/16 v1.5 Avoid name clashes with e-TeX commands (HO)
Package etexcmds Info: Could not find \expanded.
(etexcmds)             That can mean that you are not using pdfTeX 1.50 or
(etexcmds)             that some package has redefined \expanded.
(etexcmds)             In the latter case, load this package earlier.
Package: kvsetkeys 2012/04/25 v1.16 Key value parser (HO)
Package: kvdefinekeys 2011/04/07 v1.3 Define keys (HO)
Package: pdftexcmds 2011/11/29 v0.20 Utility functions of pdfTeX for LuaTeX (HO
)
Package pdftexcmds Info: LuaTeX not detected.
Package pdftexcmds Info: \pdf@primitive is available.
Package pdftexcmds Info: \pdf@ifprimitive is available.
Package pdftexcmds Info: \pdfdraftmode found.
Package: pdfescape 2011/11/25 v1.13 Implements pdfTeX's escape features (HO)
Package: bigintcalc 2012/04/08 v1.3 Expandable calculations on big integers (HO
)
Package: bitset 2011/01/30 v1.1 Handle bit-vector datatype (HO)
Package: uniquecounter 2011/01/30 v1.2 Provide unlimited unique counter (HO)
)
Package hobsub Info: Skipping package `hobsub' (already loaded).
Package: letltxmacro 2010/09/02 v1.4 Let assignment for LaTeX macros (HO)
Package: hopatch 2012/05/28 v1.2 Wrapper for package hooks (HO)
Package: xcolor-patch 2011/01/30 xcolor patch
Package: atveryend 2011/06/30 v1.8 Hooks at the very end of document (HO)
Package atveryend Info: \enddocument detected (standard20110627).
Package: atbegshi 2011/10/05 v1.16 At begin shipout hook (HO)
Package: refcount 2011/10/16 v3.4 Data extraction from label references (HO)
Package: hycolor 2011/01/30 v1.7 Color options for hyperref/bookmark (HO)
)
(/usr/share/texlive/texmf-dist/tex/latex/graphics/keyval.sty
Package: keyval 1999/03/16 v1.13 key=value parser (DPC)
\KV@toks@=\toks14
)
(/usr/share/texlive/texmf-dist/tex/generic/ifxetex/ifxetex.sty
Package: ifxetex 2010/09/12 v0.6 Provides ifxetex conditional
)
(/usr/share/texlive/texmf-dist/tex/latex/oberdiek/kvoptions.sty
Package: kvoptions 2011/06/30 v3.11 Key value format for package options (HO)
)
\@linkdim=\dimen103
\Hy@linkcounter=\count87
\Hy@pagecounter=\count88

(/usr/share/texlive/texmf-dist/tex/latex/hyperref/pd1enc.def
File: pd1enc.def 2012/05/13 v6.82q Hyperref: PDFDocEncoding definition (HO)
)
\Hy@SavedSpaceFactor=\count89

(/usr/share/texlive/texmf-dist/tex/latex/latexconfig/hyperref.cfg
File: hyperref.cfg 2002/06/06 v1.2 hyperref configuration of TeXLive
)
Package hyperref Info: Hyper figures OFF on input line 4062.
Package hyperref Info: Link nesting OFF on input line 4067.
Package hyperref Info: Hyper index ON on input line 4070.
Package hyperref Info: Plain pages OFF on input line 4077.
Package hyperref Info: Backreferencing OFF on input line 4082.
Package hyperref Info: Implicit mode ON; LaTeX internals redefined.
Package hyperref Info: Bookmarks ON on input line 4300.
\c@Hy@tempcnt=\count90
LaTeX Info: Redefining \url on input line 4653.
\Fld@menulength=\count91
\Field@Width=\dimen104
\Fld@charsize=\dimen105
Package hyperref Info: Hyper figures OFF on input line 5773.
Package hyperref Info: Link nesting OFF on input line 5778.
Package hyperref Info: Hyper index ON on input line 5781.
Package hyperref Info: backreferencing OFF on input line 5788.
Package hyperref Info: Link coloring OFF on input line 5793.
Package hyperref Info: Link coloring with OCG OFF on input line 5798.
Package hyperref Info: PDF/A mode OFF on input line 5803.
LaTeX Info: Redefining \ref on input line 5843.
LaTeX Info: Redefining \pageref on input line 5847.
\Hy@abspage=\count92
\c@Item=\count93
\c@Hfootnote=\count94
)

Package hyperref Message: Driver (autodetected): hpdftex.

(/usr/share/texlive/texmf-dist/tex/latex/hyperref/hpdftex.def
File: hpdftex.def 2012/05/13 v6.82q Hyperref driver for pdfTeX
\Fld@listcount=\count95
\c@bookmark@seq@number=\count96

(/usr/share/texlive/texmf-dist/tex/latex/oberdiek/rerunfilecheck.sty
Package: rerunfilecheck 2011/04/15 v1.7 Rerun checks for auxiliary files (HO)
Package uniquecounter Info: New unique counter `rerunfilecheck' on input line 2
82.
)
\Hy@SectionHShift=\skip43
)
(/usr/share/texmf/tex/latex/lm/lmodern.sty
Package: lmodern 2009/10/30 v1.6 Latin Modern Fonts
LaTeX Font Info:    Overwriting symbol font `operators' in version `normal'
(Font)                  OT1/cmr/m/n --> OT1/lmr/m/n on input line 22.
LaTeX Font Info:    Overwriting symbol font `letters' in version `normal'
(Font)                  OML/cmm/m/it --> OML/lmm/m/it on input line 23.
LaTeX Font Info:    Overwriting symbol font `symbols' in version `normal'
(Font)                  OMS/cmsy/m/n --> OMS/lmsy/m/n on input line 24.
LaTeX Font Info:    Overwriting symbol font `largesymbols' in version `normal'
(Font)                  OMX/cmex/m/n --> OMX/lmex/m/n on input line 25.
LaTeX Font Info:    Overwriting symbol font `operators' in version `bold'
(Font)                  OT1/cmr/bx/n --> OT1/lmr/bx/n on input line 26.
LaTeX Font Info:    Overwriting symbol font `letters' in version `bold'
(Font)                  OML/cmm/b/it --> OML/lmm/b/it on input line 27.
LaTeX Font Info:    Overwriting symbol font `symbols' in version `bold'
(Font)                  OMS/cmsy/b/n --> OMS/lmsy/b/n on input line 28.
LaTeX Font Info:    Overwriting symbol font `largesymbols' in version `bold'
(Font)                  OMX/cmex/m/n --> OMX/lmex/m/n on input line 29.
LaTeX Font Info:    Overwriting math alphabet `\mathbf' in version `normal'
(Font)                  OT1/cmr/bx/n --> OT1/lmr/bx/n on input line 31.
LaTeX Font Info:    Overwriting math alphabet `\mathsf' in version `normal'
(Font)                  OT1/cmss/m/n --> OT1/lmss/m/n on input line 32.
LaTeX Font Info:    Overwriting math alphabet `\mathit' in version `normal'
(Font)                  OT1/cmr/m/it --> OT1/lmr/m/it on input line 33.
LaTeX Font Info:    Overwriting math alphabet `\mathtt' in version `normal'
(Font)                  OT1/cmtt/m/n --> OT1/lmtt/m/n on input line 34.
LaTeX Font Info:    Overwriting math alphabet `\mathbf' in version `bold'
(Font)                  OT1/cmr/bx/n --> OT1/lmr/bx/n on input line 35.
LaTeX Font Info:    Overwriting math alphabet `\mathsf' in version `bold'
(Font)                  OT1/cmss/bx/n --> OT1/lmss/bx/n on input line 36.
LaTeX Font Info:    Overwriting math alphabet `\mathit' in version `bold'
(Font)                  OT1/cmr/bx/it --> OT1/lmr/bx/it on input line 37.
LaTeX Font Info:    Overwriting math alphabet `\mathtt' in version `bold'
(Font)                  OT1/cmtt/m/n --> OT1/lmtt/m/n on input line 38.
)
(/usr/share/texlive/texmf-dist/tex/latex/graphics/graphicx.sty
Package: graphicx 1999/02/16 v1.0f Enhanced LaTeX Graphics (DPC,SPQR)

(/usr/share/texlive/texmf-dist/tex/latex/graphics/graphics.sty
Package: graphics 2009/02/05 v1.0o Standard LaTeX Graphics (DPC,SPQR)

(/usr/share/texlive/texmf-dist/tex/latex/graphics/trig.sty
Package: trig 1999/03/16 v1.09 sin cos tan (DPC)
)
(/usr/share/texlive/texmf-dist/tex/latex/latexconfig/graphics.cfg
File: graphics.cfg 2010/04/23 v1.9 graphics configuration of TeX Live
)
Package graphics Info: Driver file: pdftex.def on input line 91.

(/usr/share/texlive/texmf-dist/tex/latex/pdftex-def/pdftex.def
File: pdftex.def 2011/05/27 v0.06d Graphics/color for pdfTeX
\Gread@gobject=\count97
))
\Gin@req@height=\dimen106
\Gin@req@width=\dimen107
)
(/usr/share/texlive/texmf-dist/tex/latex/base/textcomp.sty
Package: textcomp 2005/09/27 v1.99g Standard LaTeX package
Package textcomp Info: Sub-encoding information:
(textcomp)               5 = only ISO-Adobe without \textcurrency
(textcomp)               4 = 5 + \texteuro
(textcomp)               3 = 4 + \textohm
(textcomp)               2 = 3 + \textestimated + \textcurrency
(textcomp)               1 = TS1 - \textcircled - \t
(textcomp)               0 = TS1 (full)
(textcomp)             Font families with sub-encoding setting implement
(textcomp)             only a restricted character set as indicated.
(textcomp)             Family '?' is the default used for unknown fonts.
(textcomp)             See the documentation for details.
Package textcomp Info: Setting ? sub-encoding to TS1/1 on input line 71.

(/usr/share/texlive/texmf-dist/tex/latex/base/ts1enc.def
File: ts1enc.def 2001/06/05 v3.0e (jk/car/fm) Standard LaTeX file
)
LaTeX Info: Redefining \oldstylenums on input line 266.
Package textcomp Info: Setting cmr sub-encoding to TS1/0 on input line 281.
Package textcomp Info: Setting cmss sub-encoding to TS1/0 on input line 282.
Package textcomp Info: Setting cmtt sub-encoding to TS1/0 on input line 283.
Package textcomp Info: Setting cmvtt sub-encoding to TS1/0 on input line 284.
Package textcomp Info: Setting cmbr sub-encoding to TS1/0 on input line 285.
Package textcomp Info: Setting cmtl sub-encoding to TS1/0 on input line 286.
Package textcomp Info: Setting ccr sub-encoding to TS1/0 on input line 287.
Package textcomp Info: Setting ptm sub-encoding to TS1/4 on input line 288.
Package textcomp Info: Setting pcr sub-encoding to TS1/4 on input line 289.
Package textcomp Info: Setting phv sub-encoding to TS1/4 on input line 290.
Package textcomp Info: Setting ppl sub-encoding to TS1/3 on input line 291.
Package textcomp Info: Setting pag sub-encoding to TS1/4 on input line 292.
Package textcomp Info: Setting pbk sub-encoding to TS1/4 on input line 293.
Package textcomp Info: Setting pnc sub-encoding to TS1/4 on input line 294.
Package textcomp Info: Setting pzc sub-encoding to TS1/4 on input line 295.
Package textcomp Info: Setting bch sub-encoding to TS1/4 on input line 296.
Package textcomp Info: Setting put sub-encoding to TS1/5 on input line 297.
Package textcomp Info: Setting uag sub-encoding to TS1/5 on input line 298.
Package textcomp Info: Setting ugq sub-encoding to TS1/5 on input line 299.
Package textcomp Info: Setting ul8 sub-encoding to TS1/4 on input line 300.
Package textcomp Info: Setting ul9 sub-encoding to TS1/4 on input line 301.
Package textcomp Info: Setting augie sub-encoding to TS1/5 on input line 302.
Package textcomp Info: Setting dayrom sub-encoding to TS1/3 on input line 303.
Package textcomp Info: Setting dayroms sub-encoding to TS1/3 on input line 304.

Package textcomp Info: Setting pxr sub-encoding to TS1/0 on input line 305.
Package textcomp Info: Setting pxss sub-encoding to TS1/0 on input line 306.
Package textcomp Info: Setting pxtt sub-encoding to TS1/0 on input line 307.
Package textcomp Info: Setting txr sub-encoding to TS1/0 on input line 308.
Package textcomp Info: Setting txss sub-encoding to TS1/0 on input line 309.
Package textcomp Info: Setting txtt sub-encoding to TS1/0 on input line 310.
Package textcomp Info: Setting lmr sub-encoding to TS1/0 on input line 311.
Package textcomp Info: Setting lmdh sub-encoding to TS1/0 on input line 312.
Package textcomp Info: Setting lmss sub-encoding to TS1/0 on input line 313.
Package textcomp Info: Setting lmssq sub-encoding to TS1/0 on input line 314.
Package textcomp Info: Setting lmvtt sub-encoding to TS1/0 on input line 315.
Package textcomp Info: Setting qhv sub-encoding to TS1/0 on input line 316.
Package textcomp Info: Setting qag sub-encoding to TS1/0 on input line 317.
Package textcomp Info: Setting qbk sub-encoding to TS1/0 on input line 318.
Package textcomp Info: Setting qcr sub-encoding to TS1/0 on input line 319.
Package textcomp Info: Setting qcs sub-encoding to TS1/0 on input line 320.
Package textcomp Info: Setting qpl sub-encoding to TS1/0 on input line 321.
Package textcomp Info: Setting qtm sub-encoding to TS1/0 on input line 322.
Package textcomp Info: Setting qzc sub-encoding to TS1/0 on input line 323.
Package textcomp Info: Setting qhvc sub-encoding to TS1/0 on input line 324.
Package textcomp Info: Setting futs sub-encoding to TS1/4 on input line 325.
Package textcomp Info: Setting futx sub-encoding to TS1/4 on input line 326.
Package textcomp Info: Setting futj sub-encoding to TS1/4 on input line 327.
Package textcomp Info: Setting hlh sub-encoding to TS1/3 on input line 328.
Package textcomp Info: Setting hls sub-encoding to TS1/3 on input line 329.
Package textcomp Info: Setting hlst sub-encoding to TS1/3 on input line 330.
Package textcomp Info: Setting hlct sub-encoding to TS1/5 on input line 331.
Package textcomp Info: Setting hlx sub-encoding to TS1/5 on input line 332.
Package textcomp Info: Setting hlce sub-encoding to TS1/5 on input line 333.
Package textcomp Info: Setting hlcn sub-encoding to TS1/5 on input line 334.
Package textcomp Info: Setting hlcw sub-encoding to TS1/5 on input line 335.
Package textcomp Info: Setting hlcf sub-encoding to TS1/5 on input line 336.
Package textcomp Info: Setting pplx sub-encoding to TS1/3 on input line 337.
Package textcomp Info: Setting pplj sub-encoding to TS1/3 on input line 338.
Package textcomp Info: Setting ptmx sub-encoding to TS1/4 on input line 339.
Package textcomp Info: Setting ptmj sub-encoding to TS1/4 on input line 340.
)
(/usr/share/texlive/texmf-dist/tex/latex/base/inputenc.sty
Package: inputenc 2008/03/30 v1.1d Input encoding file
\inpenc@prehook=\toks15
\inpenc@posthook=\toks16

(/usr/share/texlive/texmf-dist/tex/latex/base/utf8.def
File: utf8.def 2008/04/05 v1.1m UTF-8 support for inputenc
Now handling font encoding OML ...
... no UTF-8 mapping file for font encoding OML
Now handling font encoding T1 ...
... processing UTF-8 mapping file for font encoding T1

(/usr/share/texlive/texmf-dist/tex/latex/base/t1enc.dfu
File: t1enc.dfu 2008/04/05 v1.1m UTF-8 support for inputenc
   defining Unicode char U+00A1 (decimal 161)
   defining Unicode char U+00A3 (decimal 163)
   defining Unicode char U+00AB (decimal 171)
   defining Unicode char U+00BB (decimal 187)
   defining Unicode char U+00BF (decimal 191)
   defining Unicode char U+00C0 (decimal 192)
   defining Unicode char U+00C1 (decimal 193)
   defining Unicode char U+00C2 (decimal 194)
   defining Unicode char U+00C3 (decimal 195)
   defining Unicode char U+00C4 (decimal 196)
   defining Unicode char U+00C5 (decimal 197)
   defining Unicode char U+00C6 (decimal 198)
   defining Unicode char U+00C7 (decimal 199)
   defining Unicode char U+00C8 (decimal 200)
   defining Unicode char U+00C9 (decimal 201)
   defining Unicode char U+00CA (decimal 202)
   defining Unicode char U+00CB (decimal 203)
   defining Unicode char U+00CC (decimal 204)
   defining Unicode char U+00CD (decimal 205)
   defining Unicode char U+00CE (decimal 206)
   defining Unicode char U+00CF (decimal 207)
   defining Unicode char U+00D0 (decimal 208)
   defining Unicode char U+00D1 (decimal 209)
   defining Unicode char U+00D2 (decimal 210)
   defining Unicode char U+00D3 (decimal 211)
   defining Unicode char U+00D4 (decimal 212)
   defining Unicode char U+00D5 (decimal 213)
   defining Unicode char U+00D6 (decimal 214)
   defining Unicode char U+00D8 (decimal 216)
   defining Unicode char U+00D9 (decimal 217)
   defining Unicode char U+00DA (decimal 218)
   defining Unicode char U+00DB (decimal 219)
   defining Unicode char U+00DC (decimal 220)
   defining Unicode char U+00DD (decimal 221)
   defining Unicode char U+00DE (decimal 222)
   defining Unicode char U+00DF (decimal 223)
   defining Unicode char U+00E0 (decimal 224)
   defining Unicode char U+00E1 (decimal 225)
   defining Unicode char U+00E2 (decimal 226)
   defining Unicode char U+00E3 (decimal 227)
   defining Unicode char U+00E4 (decimal 228)
   defining Unicode char U+00E5 (decimal 229)
   defining Unicode char U+00E6 (decimal 230)
   defining Unicode char U+00E7 (decimal 231)
   defining Unicode char U+00E8 (decimal 232)
   defining Unicode char U+00E9 (decimal 233)
   defining Unicode char U+00EA (decimal 234)
   defining Unicode char U+00EB (decimal 235)
   defining Unicode char U+00EC (decimal 236)
   defining Unicode char U+00ED (decimal 237)
   defining Unicode char U+00EE (decimal 238)
   defining Unicode char U+00EF (decimal 239)
   defining Unicode char U+00F0 (decimal 240)
   defining Unicode char U+00F1 (decimal 241)
   defining Unicode char U+00F2 (decimal 242)
   defining Unicode char U+00F3 (decimal 243)
   defining Unicode char U+00F4 (decimal 244)
   defining Unicode char U+00F5 (decimal 245)
   defining Unicode char U+00F6 (decimal 246)
   defining Unicode char U+00F8 (decimal 248)
   defining Unicode char U+00F9 (decimal 249)
   defining Unicode char U+00FA (decimal 250)
   defining Unicode char U+00FB (decimal 251)
   defining Unicode char U+00FC (decimal 252)
   defining Unicode char U+00FD (decimal 253)
   defining Unicode char U+00FE (decimal 254)
   defining Unicode char U+00FF (decimal 255)
   defining Unicode char U+0102 (decimal 258)
   defining Unicode char U+0103 (decimal 259)
   defining Unicode char U+0104 (decimal 260)
   defining Unicode char U+0105 (decimal 261)
   defining Unicode char U+0106 (decimal 262)
   defining Unicode char U+0107 (decimal 263)
   defining Unicode char U+010C (decimal 268)
   defining Unicode char U+010D (decimal 269)
   defining Unicode char U+010E (decimal 270)
   defining Unicode char U+010F (decimal 271)
   defining Unicode char U+0110 (decimal 272)
   defining Unicode char U+0111 (decimal 273)
   defining Unicode char U+0118 (decimal 280)
   defining Unicode char U+0119 (decimal 281)
   defining Unicode char U+011A (decimal 282)
   defining Unicode char U+011B (decimal 283)
   defining Unicode char U+011E (decimal 286)
   defining Unicode char U+011F (decimal 287)
   defining Unicode char U+0130 (decimal 304)
   defining Unicode char U+0131 (decimal 305)
   defining Unicode char U+0132 (decimal 306)
   defining Unicode char U+0133 (decimal 307)
   defining Unicode char U+0139 (decimal 313)
   defining Unicode char U+013A (decimal 314)
   defining Unicode char U+013D (decimal 317)
   defining Unicode char U+013E (decimal 318)
   defining Unicode char U+0141 (decimal 321)
   defining Unicode char U+0142 (decimal 322)
   defining Unicode char U+0143 (decimal 323)
   defining Unicode char U+0144 (decimal 324)
   defining Unicode char U+0147 (decimal 327)
   defining Unicode char U+0148 (decimal 328)
   defining Unicode char U+014A (decimal 330)
   defining Unicode char U+014B (decimal 331)
   defining Unicode char U+0150 (decimal 336)
   defining Unicode char U+0151 (decimal 337)
   defining Unicode char U+0152 (decimal 338)
   defining Unicode char U+0153 (decimal 339)
   defining Unicode char U+0154 (decimal 340)
   defining Unicode char U+0155 (decimal 341)
   defining Unicode char U+0158 (decimal 344)
   defining Unicode char U+0159 (decimal 345)
   defining Unicode char U+015A (decimal 346)
   defining Unicode char U+015B (decimal 347)
   defining Unicode char U+015E (decimal 350)
   defining Unicode char U+015F (decimal 351)
   defining Unicode char U+0160 (decimal 352)
   defining Unicode char U+0161 (decimal 353)
   defining Unicode char U+0162 (decimal 354)
   defining Unicode char U+0163 (decimal 355)
   defining Unicode char U+0164 (decimal 356)
   defining Unicode char U+0165 (decimal 357)
   defining Unicode char U+016E (decimal 366)
   defining Unicode char U+016F (decimal 367)
   defining Unicode char U+0170 (decimal 368)
   defining Unicode char U+0171 (decimal 369)
   defining Unicode char U+0178 (decimal 376)
   defining Unicode char U+0179 (decimal 377)
   defining Unicode char U+017A (decimal 378)
   defining Unicode char U+017B (decimal 379)
   defining Unicode char U+017C (decimal 380)
   defining Unicode char U+017D (decimal 381)
   defining Unicode char U+017E (decimal 382)
   defining Unicode char U+200C (decimal 8204)
   defining Unicode char U+2013 (decimal 8211)
   defining Unicode char U+2014 (decimal 8212)
   defining Unicode char U+2018 (decimal 8216)
   defining Unicode char U+2019 (decimal 8217)
   defining Unicode char U+201A (decimal 8218)
   defining Unicode char U+201C (decimal 8220)
   defining Unicode char U+201D (decimal 8221)
   defining Unicode char U+201E (decimal 8222)
   defining Unicode char U+2030 (decimal 8240)
   defining Unicode char U+2031 (decimal 8241)
   defining Unicode char U+2039 (decimal 8249)
   defining Unicode char U+203A (decimal 8250)
   defining Unicode char U+2423 (decimal 9251)
)
Now handling font encoding OT1 ...
... processing UTF-8 mapping file for font encoding OT1

(/usr/share/texlive/texmf-dist/tex/latex/base/ot1enc.dfu
File: ot1enc.dfu 2008/04/05 v1.1m UTF-8 support for inputenc
   defining Unicode char U+00A1 (decimal 161)
   defining Unicode char U+00A3 (decimal 163)
   defining Unicode char U+00B8 (decimal 184)
   defining Unicode char U+00BF (decimal 191)
   defining Unicode char U+00C5 (decimal 197)
   defining Unicode char U+00C6 (decimal 198)
   defining Unicode char U+00D8 (decimal 216)
   defining Unicode char U+00DF (decimal 223)
   defining Unicode char U+00E6 (decimal 230)
   defining Unicode char U+00EC (decimal 236)
   defining Unicode char U+00ED (decimal 237)
   defining Unicode char U+00EE (decimal 238)
   defining Unicode char U+00EF (decimal 239)
   defining Unicode char U+00F8 (decimal 248)
   defining Unicode char U+0131 (decimal 305)
   defining Unicode char U+0141 (decimal 321)
   defining Unicode char U+0142 (decimal 322)
   defining Unicode char U+0152 (decimal 338)
   defining Unicode char U+0153 (decimal 339)
   defining Unicode char U+2013 (decimal 8211)
   defining Unicode char U+2014 (decimal 8212)
   defining Unicode char U+2018 (decimal 8216)
   defining Unicode char U+2019 (decimal 8217)
   defining Unicode char U+201C (decimal 8220)
   defining Unicode char U+201D (decimal 8221)
)
Now handling font encoding OMS ...
... processing UTF-8 mapping file for font encoding OMS

(/usr/share/texlive/texmf-dist/tex/latex/base/omsenc.dfu
File: omsenc.dfu 2008/04/05 v1.1m UTF-8 support for inputenc
   defining Unicode char U+00A7 (decimal 167)
   defining Unicode char U+00B6 (decimal 182)
   defining Unicode char U+00B7 (decimal 183)
   defining Unicode char U+2020 (decimal 8224)
   defining Unicode char U+2021 (decimal 8225)
   defining Unicode char U+2022 (decimal 8226)
)
Now handling font encoding OMX ...
... no UTF-8 mapping file for font encoding OMX
Now handling font encoding U ...
... no UTF-8 mapping file for font encoding U
Now handling font encoding PD1 ...
... no UTF-8 mapping file for font encoding PD1
Now handling font encoding TS1 ...
... processing UTF-8 mapping file for font encoding TS1

(/usr/share/texlive/texmf-dist/tex/latex/base/ts1enc.dfu
File: ts1enc.dfu 2008/04/05 v1.1m UTF-8 support for inputenc
   defining Unicode char U+00A2 (decimal 162)
   defining Unicode char U+00A3 (decimal 163)
   defining Unicode char U+00A4 (decimal 164)
   defining Unicode char U+00A5 (decimal 165)
   defining Unicode char U+00A6 (decimal 166)
   defining Unicode char U+00A7 (decimal 167)
   defining Unicode char U+00A8 (decimal 168)
   defining Unicode char U+00A9 (decimal 169)
   defining Unicode char U+00AA (decimal 170)
   defining Unicode char U+00AC (decimal 172)
   defining Unicode char U+00AE (decimal 174)
   defining Unicode char U+00AF (decimal 175)
   defining Unicode char U+00B0 (decimal 176)
   defining Unicode char U+00B1 (decimal 177)
   defining Unicode char U+00B2 (decimal 178)
   defining Unicode char U+00B3 (decimal 179)
   defining Unicode char U+00B4 (decimal 180)
   defining Unicode char U+00B5 (decimal 181)
   defining Unicode char U+00B6 (decimal 182)
   defining Unicode char U+00B7 (decimal 183)
   defining Unicode char U+00B9 (decimal 185)
   defining Unicode char U+00BA (decimal 186)
   defining Unicode char U+00BC (decimal 188)
   defining Unicode char U+00BD (decimal 189)
   defining Unicode char U+00BE (decimal 190)
   defining Unicode char U+00D7 (decimal 215)
   defining Unicode char U+00F7 (decimal 247)
   defining Unicode char U+0192 (decimal 402)
   defining Unicode char U+02C7 (decimal 711)
   defining Unicode char U+02D8 (decimal 728)
   defining Unicode char U+02DD (decimal 733)
   defining Unicode char U+0E3F (decimal 3647)
   defining Unicode char U+2016 (decimal 8214)
   defining Unicode char U+2020 (decimal 8224)
   defining Unicode char U+2021 (decimal 8225)
   defining Unicode char U+2022 (decimal 8226)
   defining Unicode char U+2030 (decimal 8240)
   defining Unicode char U+2031 (decimal 8241)
   defining Unicode char U+203B (decimal 8251)
   defining Unicode char U+203D (decimal 8253)
   defining Unicode char U+2044 (decimal 8260)
   defining Unicode char U+204E (decimal 8270)
   defining Unicode char U+2052 (decimal 8274)
   defining Unicode char U+20A1 (decimal 8353)
   defining Unicode char U+20A4 (decimal 8356)
   defining Unicode char U+20A6 (decimal 8358)
   defining Unicode char U+20A9 (decimal 8361)
   defining Unicode char U+20AB (decimal 8363)
   defining Unicode char U+20AC (decimal 8364)
   defining Unicode char U+20B1 (decimal 8369)
   defining Unicode char U+2103 (decimal 8451)
   defining Unicode char U+2116 (decimal 8470)
   defining Unicode char U+2117 (decimal 8471)
   defining Unicode char U+211E (decimal 8478)
   defining Unicode char U+2120 (decimal 8480)
   defining Unicode char U+2122 (decimal 8482)
   defining Unicode char U+2126 (decimal 8486)
   defining Unicode char U+2127 (decimal 8487)
   defining Unicode char U+212E (decimal 8494)
   defining Unicode char U+2190 (decimal 8592)
   defining Unicode char U+2191 (decimal 8593)
   defining Unicode char U+2192 (decimal 8594)
   defining Unicode char U+2193 (decimal 8595)
   defining Unicode char U+2329 (decimal 9001)
   defining Unicode char U+232A (decimal 9002)
   defining Unicode char U+2422 (decimal 9250)
   defining Unicode char U+25E6 (decimal 9702)
   defining Unicode char U+25EF (decimal 9711)
   defining Unicode char U+266A (decimal 9834)
)
   defining Unicode char U+00A9 (decimal 169)
   defining Unicode char U+00AA (decimal 170)
   defining Unicode char U+00AE (decimal 174)
   defining Unicode char U+00BA (decimal 186)
   defining Unicode char U+02C6 (decimal 710)
   defining Unicode char U+02DC (decimal 732)
   defining Unicode char U+200C (decimal 8204)
   defining Unicode char U+2026 (decimal 8230)
   defining Unicode char U+2122 (decimal 8482)
   defining Unicode char U+2423 (decimal 9251)
))
(/var/lib/texmf/tex/generic/babel/babel.sty
Package: babel 2008/07/08 v3.8m The Babel package

(/usr/share/texlive/texmf-dist/tex/generic/babel/finnish.ldf
Language: finnish 2007/10/20 v1.3q Finnish support from the babel system

(/usr/share/texlive/texmf-dist/tex/generic/babel/babel.def
File: babel.def 2008/07/08 v3.8m Babel common definitions
\babel@savecnt=\count98
\U@D=\dimen108
)
Package babel Info: Making " an active character on input line 89.
))
(/usr/share/texlive/texmf-dist/tex/latex/base/fontenc.sty
Package: fontenc 2005/09/27 v1.99g Standard LaTeX package

(/usr/share/texlive/texmf-dist/tex/latex/base/t1enc.def
File: t1enc.def 2005/09/27 v1.99g Standard LaTeX file
LaTeX Font Info:    Redeclaring font encoding T1 on input line 43.
)) (./Hajaee_2.aux)
\openout1 = `Hajaee_2.aux'.

LaTeX Font Info:    Checking defaults for OML/cmm/m/it on input line 15.
LaTeX Font Info:    ... okay on input line 15.
LaTeX Font Info:    Checking defaults for T1/cmr/m/n on input line 15.
LaTeX Font Info:    ... okay on input line 15.
LaTeX Font Info:    Checking defaults for OT1/cmr/m/n on input line 15.
LaTeX Font Info:    ... okay on input line 15.
LaTeX Font Info:    Checking defaults for OMS/cmsy/m/n on input line 15.
LaTeX Font Info:    ... okay on input line 15.
LaTeX Font Info:    Checking defaults for OMX/cmex/m/n on input line 15.
LaTeX Font Info:    ... okay on input line 15.
LaTeX Font Info:    Checking defaults for U/cmr/m/n on input line 15.
LaTeX Font Info:    ... okay on input line 15.
LaTeX Font Info:    Checking defaults for PD1/pdf/m/n on input line 15.
LaTeX Font Info:    ... okay on input line 15.
LaTeX Font Info:    Checking defaults for TS1/cmr/m/n on input line 15.
LaTeX Font Info:    Try loading font information for TS1+cmr on input line 15.

(/usr/share/texlive/texmf-dist/tex/latex/base/ts1cmr.fd
File: ts1cmr.fd 1999/05/25 v2.5h Standard LaTeX font definitions
)
LaTeX Font Info:    ... okay on input line 15.
LaTeX Font Info:    Try loading font information for T1+lmr on input line 15.

(/usr/share/texmf/tex/latex/lm/t1lmr.fd
File: t1lmr.fd 2009/10/30 v1.6 Font defs for Latin Modern
)
\AtBeginShipoutBox=\box26
Package hyperref Info: Link coloring OFF on input line 15.

(/usr/share/texlive/texmf-dist/tex/latex/hyperref/nameref.sty
Package: nameref 2010/04/30 v2.40 Cross-referencing by name of section

(/usr/share/texlive/texmf-dist/tex/generic/oberdiek/gettitlestring.sty
Package: gettitlestring 2010/12/03 v1.4 Cleanup title references (HO)
)
\c@section@level=\count99
)
LaTeX Info: Redefining \ref on input line 15.
LaTeX Info: Redefining \pageref on input line 15.
LaTeX Info: Redefining \nameref on input line 15.

(./Hajaee_2.out) (./Hajaee_2.out)
\@outlinefile=\write3
\openout3 = `Hajaee_2.out'.


(/usr/share/texlive/texmf-dist/tex/context/base/supp-pdf.mkii
[Loading MPS to PDF converter (version 2006.09.02).]
\scratchcounter=\count100
\scratchdimen=\dimen109
\scratchbox=\box27
\nofMPsegments=\count101
\nofMParguments=\count102
\everyMPshowfont=\toks17
\MPscratchCnt=\count103
\MPscratchDim=\dimen110
\MPnumerator=\count104
\makeMPintoPDFobject=\count105
\everyMPtoPDFconversion=\toks18
) (/usr/share/texlive/texmf-dist/tex/latex/oberdiek/epstopdf-base.sty
Package: epstopdf-base 2010/02/09 v2.5 Base part for package epstopdf

(/usr/share/texlive/texmf-dist/tex/latex/oberdiek/grfext.sty
Package: grfext 2010/08/19 v1.1 Manage graphics extensions (HO)
)
Package grfext Info: Graphics extension search list:
(grfext)             [.png,.pdf,.jpg,.mps,.jpeg,.jbig2,.jb2,.PNG,.PDF,.JPG,.JPE
G,.JBIG2,.JB2,.eps]
(grfext)             \AppendGraphicsExtensions on input line 452.

(/usr/share/texlive/texmf-dist/tex/latex/latexconfig/epstopdf-sys.cfg
File: epstopdf-sys.cfg 2010/07/13 v1.3 Configuration of (r)epstopdf for TeX Liv
e
))
LaTeX Font Info:    Try loading font information for OT1+lmr on input line 18.

(/usr/share/texmf/tex/latex/lm/ot1lmr.fd
File: ot1lmr.fd 2009/10/30 v1.6 Font defs for Latin Modern
)
LaTeX Font Info:    Try loading font information for OML+lmm on input line 18.

(/usr/share/texmf/tex/latex/lm/omllmm.fd
File: omllmm.fd 2009/10/30 v1.6 Font defs for Latin Modern
)
LaTeX Font Info:    Try loading font information for OMS+lmsy on input line 18.


(/usr/share/texmf/tex/latex/lm/omslmsy.fd
File: omslmsy.fd 2009/10/30 v1.6 Font defs for Latin Modern
)
LaTeX Font Info:    Try loading font information for OMX+lmex on input line 18.


(/usr/share/texmf/tex/latex/lm/omxlmex.fd
File: omxlmex.fd 2009/10/30 v1.6 Font defs for Latin Modern
)
LaTeX Font Info:    External font `lmex10' loaded for size
(Font)              <12> on input line 18.
LaTeX Font Info:    External font `lmex10' loaded for size
(Font)              <8> on input line 18.
LaTeX Font Info:    External font `lmex10' loaded for size
(Font)              <6> on input line 18.


LaTeX Warning: Citation `KEI83' on page 1 undefined on input line 37.


Overfull \hbox (167.18202pt too wide) in paragraph at lines 40--42
\T1/lmr/m/n/10.95 lausek-kei-ta ja yk-si pro-duk-tio voi si-s‰l-t‰‰ useam-pia r
un-ko-ja. >>>>>>> b1cdc56589ed144ca13b7e685e2d42f1a0dacbd9 
 []

LaTeX Font Info:    Try loading font information for T1+lmtt on input line 55.
(/usr/share/texmf/tex/latex/lm/t1lmtt.fd
File: t1lmtt.fd 2009/10/30 v1.6 Font defs for Latin Modern
) [1

{/var/lib/texmf/fonts/map/pdftex/updmap/pdftex.map}]
Underfull \hbox (badness 10000) in paragraph at lines 74--76

 []

! Missing $ inserted.
<inserted text> 
                $
l.89 ...oduuli m√§√§ritell√§√§n '-module(moduulin_
                                                  nimi)' -ilmauksella moduul...
I've inserted a begin-math/end-math symbol since I think
you left one out. Proceed, with fingers crossed.

LaTeX Font Info:    External font `lmex10' loaded for size
(Font)              <10.95> on input line 89.

LaTeX Warning: Command \" invalid in math mode on input line 89.


LaTeX Warning: Command \" invalid in math mode on input line 89.


LaTeX Warning: Command \" invalid in math mode on input line 89.


LaTeX Warning: Command \" invalid in math mode on input line 90.


LaTeX Warning: Command \" invalid in math mode on input line 90.


LaTeX Warning: Command \" invalid in math mode on input line 90.


LaTeX Warning: Command \" invalid in math mode on input line 90.


LaTeX Warning: Command \" invalid in math mode on input line 90.


LaTeX Warning: Command \" invalid in math mode on input line 90.


LaTeX Warning: Command \" invalid in math mode on input line 91.


LaTeX Warning: Command \" invalid in math mode on input line 91.


LaTeX Warning: Command \" invalid in math mode on input line 91.


LaTeX Warning: Command \" invalid in math mode on input line 91.


LaTeX Warning: Command \" invalid in math mode on input line 91.

! Missing $ inserted.
<inserted text> 
                $
l.92 \begin{verbatim}
                     
I've inserted a begin-math/end-math symbol since I think
you left one out. Proceed, with fingers crossed.

! Missing \endgroup inserted.
<inserted text> 
                \endgroup 
l.92 \begin{verbatim}
                     
I've inserted something that you may have forgotten.
(See the <inserted text> above.)
With luck, this will get me unwedged. But if you
really didn't forget anything, try typing `2' now; then
my insertion and my current dilemma will both disappear.


Overfull \hbox (271.85765pt too wide) in paragraph at lines 89--92
\T1/lmr/m/n/10.95 t‰-v‰t funk-tioi-ta. Mo-duu-li m‰‰-ri-tel-l‰‰n '-module(moduu
lin$[]\OML/lmm/m/it/10.95 imi\OT1/lmr/m/n/10.95 )[] \OMS/lmsy/m/n/10.95 ^^@ \OM
L/lmm/m/it/10.95 ilmauksellamoduulinensimm\OT1/lmr/m/n/10.95 ‰\OML/lmm/m/it/10.
95 isell\OT1/lmr/m/n/10.95 ‰\OML/lmm/m/it/10.95 rivill\OT1/lmr/m/n/10.95 ‰\OML/
lmm/m/it/10.95 :Seuraavaksi[]export[] \OMS/lmsy/m/n/10.95 ^^@
 []


Overfull \hbox (977.22316pt too wide) in paragraph at lines 89--92
\OML/lmm/m/it/10.95 lauseellailmaistaanmitk\OT1/lmr/m/n/10.95 ‰\OML/lmm/m/it/10
.95 funktiotovatkutsuttavissaohjelmanulkopuolelta:Funktiom\OT1/lmr/m/n/10.95 ‰‰
\OML/lmm/m/it/10.95 ritell\OT1/lmr/m/n/10.95 ‰‰\OML/lmm/m/it/10.95 nfunktionnim
ell\OT1/lmr/m/n/10.95 ‰\OML/lmm/m/it/10.95 jasulkeissaolevillaparametreilla:Fun
ktiontoteutusonkaikkiseuraavatrivitennenpistett\OT1/lmr/m/n/10.95 ‰\OML/lmm/m/i
t/10.95 :Eerlangissapisteonlauseentaifunktionp\OT1/lmr/m/n/10.95 ‰‰\OML/lmm/m/i
t/10.95 tt\OT1/lmr/m/n/10.95 ‰\OML/lmm/m/it/10.95 v\OT1/lmr/m/n/10.95 ‰\OML/lmm
/m/it/10.95 merkki:Allaesimerkki \OT1/lmr/m/n/10.95 :$ 
 []


! LaTeX Error: \begin{document} ended by \end{verbatim}.

See the LaTeX manual or LaTeX Companion for explanation.
Type  H <return>  for immediate help.
 ...                                              
                                                  
l.97 \end{verbatim}
                   
Your command was ignored.
Type  I <command> <return>  to replace it with another command,
or  <return>  to continue without it.

! Extra \endgroup.
<recently read> \endgroup 
                          
l.97 \end{verbatim}
                   
Things are pretty mixed up, but I think the worst is over.


Overfull \hbox (48.16008pt too wide) in paragraph at lines 101--101
[]\T1/lmtt/m/n/10.95 Jotta voidaan ymm‰rt‰‰ Erlangin kontrollirakenteita, pit‰‰
 ensimm‰isen‰[] 
 []


Overfull \hbox (82.65248pt too wide) in paragraph at lines 102--102
[]\T1/lmtt/m/n/10.95 selvitt‰‰ hahmontunnistuksen mekanismi. Hahmontunnistus pe
rustuu siihen, ett‰[] 
 []


Overfull \hbox (76.90375pt too wide) in paragraph at lines 103--103
[]\T1/lmtt/m/n/10.95 funktioon m‰‰ritell‰‰n useita funktiokutsuja siten, ett‰ j
okaisessa kutsussa[] 
 []


Overfull \hbox (88.40121pt too wide) in paragraph at lines 104--104
[]\T1/lmtt/m/n/10.95 parametrit ovat lukum‰‰r‰lt‰‰n samat, mutta ovat arvoiltaa
n erilaiset. Ts. kun[] 
 []

[2]
Overfull \hbox (65.40628pt too wide) in paragraph at lines 105--105
[]\T1/lmtt/m/n/10.95 funktiota kutsutaan tietyll‰ parametrilla, k‰yd‰‰n j‰rjest
yksess‰ l‰pi eri[] 
 []


Overfull \hbox (13.66768pt too wide) in paragraph at lines 106--106
[]\T1/lmtt/m/n/10.95 funktion kutsuvaihtoehdot ja kun ensimm‰inen parametreihin
 sopiva[] 
 []


Overfull \hbox (71.15501pt too wide) in paragraph at lines 108--108
[]\T1/lmtt/m/n/10.95 toimitaan sen m‰‰rityksen mukaan. Helpoimmin asia selvi‰‰ 
esimerkin avulla:[] 
 []


Overfull \hbox (13.66768pt too wide) in paragraph at lines 110--110
[]\T1/lmtt/m/n/10.95 1: tervehdi(mies, Nimi) -> io:format("Terppa, herra %s!",[
Nimi]);[] 
 []


Overfull \hbox (19.41641pt too wide) in paragraph at lines 111--111
[]\T1/lmtt/m/n/10.95 2: tervehdi(nainen,Nimi) -> io:format("Terppa, rouva %s!",
[Nimi]);[] 
 []


Overfull \hbox (53.90881pt too wide) in paragraph at lines 116--116
[]\T1/lmtt/m/n/10.95 Kutsutaessa tervehdi-funktiota tervehdi(nainen,"Tuppuraine
n"), tutkitaan[] 
 []


Overfull \hbox (48.16008pt too wide) in paragraph at lines 117--117
[]\T1/lmtt/m/n/10.95 ensiksi, sopiiko parametrit  rivin 1 parametrisointivaihto
ehtoon. Koska[] 
 []


Overfull \hbox (94.14995pt too wide) in paragraph at lines 119--119
[]\T1/lmtt/m/n/10.95 yritet‰‰n kutsua sovittaa rivin kaksi parametrisointivaiht
oehtoon. T‰ll‰ kertaa[] 
 []


Overfull \hbox (53.90881pt too wide) in paragraph at lines 120--120
[]\T1/lmtt/m/n/10.95 parametrit sopivat ja ohjelma tulostaa "Terppa, rouva Tupp
urainen!". Jos[] 
 []


Overfull \hbox (65.40628pt too wide) in paragraph at lines 122--122
[]\T1/lmtt/m/n/10.95 tervehdi(hermafrodiitti,"Hˆttˆl‰"), olisi vasta rivin 3 pa
rametrit osuneet[] 
 []


Overfull \hbox (19.41641pt too wide) in paragraph at lines 123--123
[]\T1/lmtt/m/n/10.95 oikeaan, ja silloin olisi toimittu t‰m‰n rivin m‰‰ritysten
 mukaan.[] 
 []


Overfull \hbox (76.90375pt too wide) in paragraph at lines 127--127
[]\T1/lmtt/m/n/10.95 Valintojen tekemiseen Erlangissa on em. hahmonsovituksen l
is‰ksi mahdollista[] 
 []


Overfull \hbox (71.15501pt too wide) in paragraph at lines 130--130
[]\T1/lmtt/m/n/10.95 Erlangissa if-rakenne ilmaistaan hieman esim. Javasta ja D
:st‰ poikkeavalla[] 
 []


Overfull \hbox (65.40628pt too wide) in paragraph at lines 141--141
[]\T1/lmtt/m/n/10.95 Esimerkkifunktiossa siis verrataan kahta lukua ja toimitaa
n eri tavoin sen[] 
 []


Overfull \hbox (53.90881pt too wide) in paragraph at lines 142--142
[]\T1/lmtt/m/n/10.95 mukaan, mik‰ on vertailun tulos. Riveill‰ 2 ja 3 tutkitaan
 ovatko N ja M[] 
 []


Overfull \hbox (76.90375pt too wide) in paragraph at lines 144--144
[]\T1/lmtt/m/n/10.95 vaikuttava true, joka vastaa esim. D:n else:‰. Koko if-rak
enne p‰‰tet‰‰n end[] 
 []


Overfull \hbox (88.40121pt too wide) in paragraph at lines 147--147
[]\T1/lmtt/m/n/10.95 Guardit ovat yksi Erlangin erikoisuus, joka on tuttu myˆs 
Haskellista. Guardit[] 
 []


Overfull \hbox (99.89868pt too wide) in paragraph at lines 148--148
[]\T1/lmtt/m/n/10.95 ovat keino tehd‰ hahmonsovituksesta hieman ilmaisuvoimaise
mpaa. Sen sijaan, ett‰[] 
 []

[3]
Overfull \hbox (71.15501pt too wide) in paragraph at lines 168--168
[]\T1/lmtt/m/n/10.95 T‰ll‰ tavoin voidaan j‰tt‰‰ kirjoittamatta useita funktiok
utsuvaihtoehtoja.[] 
 []


Overfull \hbox (65.40628pt too wide) in paragraph at lines 169--169
[]\T1/lmtt/m/n/10.95 T‰rke‰‰ on muistaa, ett‰ guard-rakenteen tulee aina palaut
taa true jollain[] 
 []


Overfull \hbox (36.66261pt too wide) in paragraph at lines 172--172
[]\T1/lmtt/m/n/10.95 Erlangissa on myˆs case...of -rakenne, joka mahdollistaa m
onipuoliset[] 
 []


Overfull \hbox (65.40628pt too wide) in paragraph at lines 173--173
[]\T1/lmtt/m/n/10.95 valintarakenteet, johon voidan yhdist‰‰ myˆs guardeja. Esi
merkki selvent‰‰[] 
 []


Overfull \hbox (42.41135pt too wide) in paragraph at lines 179--179
[]        \T1/lmtt/m/n/10.95 {kelvin, N}  when N >= 293, N =< 318 -> 'tieteelli
sesti jees';[] 
 []


Overfull \hbox (82.65248pt too wide) in paragraph at lines 180--180
[]        \T1/lmtt/m/n/10.95 {fahrenheit, N}  when N >= 68, N =< 113 -> 'amerik
kalaisittain jees';[] 
 []


Overfull \hbox (99.89868pt too wide) in paragraph at lines 184--184
[]\T1/lmtt/m/n/10.95 Ohjelma siis saa parametrinaan tuplen, jossa on l‰mpˆtila-
asteikko ja astem‰‰r‰.[] 
 []


Overfull \hbox (59.65755pt too wide) in paragraph at lines 185--185
[]\T1/lmtt/m/n/10.95 Sen j‰lkeen case...of -rakenteessa riveill‰  tutkitaan, mi
nk‰ periaatteen[] 
 []


Overfull \hbox (48.16008pt too wide) in paragraph at lines 186--186
[]\T1/lmtt/m/n/10.95 mukaisesti astem‰‰r‰‰ tutkitaan. Lopulta guardin avulla p‰
‰tet‰‰n, onko[] 
 []


Overfull \hbox (163.13475pt too wide) in paragraph at lines 187--187
[]\T1/lmtt/m/n/10.95 parametrina saatu l‰mpˆtila sopiva rantael‰m‰‰n. Mielenkii
ntoinen kysymys on se, ett‰ mihin[] 
 []


Overfull \hbox (88.40121pt too wide) in paragraph at lines 188--188
[]\T1/lmtt/m/n/10.95 case...of -rakennetta tarvitaan, koska se on hyvin samanla
inen funktiokutsujen[] 
 []


Overfull \hbox (36.66261pt too wide) in paragraph at lines 189--189
[]\T1/lmtt/m/n/10.95 hahmonsovituksen kanssa. Valinta kannattaa perustaa henkil
ˆkohtaisiin[] 
 []


Overfull \hbox (82.65248pt too wide) in paragraph at lines 192--192
[]\T1/lmtt/m/n/10.95 Erlangissa toistoa ja rekursiota ei voi erottaa toisistaan
, koska rekursio on[] 
 []

[4]
Overfull \hbox (76.90375pt too wide) in paragraph at lines 193--193
[]\T1/lmtt/m/n/10.95 ainoa tapa suorittaa toistorakenteita. Erlangissa ei ole s
iis for- tai while[] 
 []


Overfull \hbox (71.15501pt too wide) in paragraph at lines 194--194
[]\T1/lmtt/m/n/10.95 -lauseita esim. D:n tai Javan tapaan. Listan l‰pik‰ynti Er
langissa perustuu[] 
 []


Overfull \hbox (36.66261pt too wide) in paragraph at lines 196--196
[]\T1/lmtt/m/n/10.95 esim. koknaislukuja sis‰lt‰v‰ lista [1,2,3,4]  voidaan ilm
oittaa myˆs[] 
 []


Overfull \hbox (94.14995pt too wide) in paragraph at lines 197--197
[]\T1/lmtt/m/n/10.95 konstruktorioperaattoria '|' k‰ytt‰en [1|[2,3,4]], eli luk
u 1 liitet‰‰n listaan[] 
 []


Overfull \hbox (48.16008pt too wide) in paragraph at lines 198--198
[]\T1/lmtt/m/n/10.95 [2,3,4]. Lista voidaan ilmoittaa myˆs head- ja tail-funkti
oita k‰ytt‰en[] 
 []


Overfull \hbox (76.90375pt too wide) in paragraph at lines 200--200
[]\T1/lmtt/m/n/10.95 Jos halutaan k‰yd‰ lista l‰pi yksinkertaisesti siten, ett‰
 laskemme jokaisen[] 
 []


Overfull \hbox (76.90375pt too wide) in paragraph at lines 201--201
[]\T1/lmtt/m/n/10.95 listan alkion yhteen, voidaan se Erlangissa tehd‰ esim. se
uraavalla tavalla:[] 
 []


Overfull \hbox (88.40121pt too wide) in paragraph at lines 209--209
[]\T1/lmtt/m/n/10.95 T‰ss‰ funktiossa siis hahmonsovituksen avulla toteutetaan 
rekursiivinen listan[] 
 []


Overfull \hbox (59.65755pt too wide) in paragraph at lines 210--210
[]\T1/lmtt/m/n/10.95 l‰pik‰ynti. Rivill‰ 1 on toteutettu alkeistapaus, jossa li
sta on tyhj‰ ja[] 
 []


Overfull \hbox (88.40121pt too wide) in paragraph at lines 211--211
[]\T1/lmtt/m/n/10.95 jolloin alkioiden summa on 0. Rivill‰ kaksi summataan list
an ensimm‰inen alkio[] 
 []


Overfull \hbox (94.14995pt too wide) in paragraph at lines 213--213
[]\T1/lmtt/m/n/10.95 (Tail) alkioiden summan kanssa. T‰ll‰ tavoin voidaaan tehd
‰ monipuolisia listan[] 
 []


Overfull \hbox (99.89868pt too wide) in paragraph at lines 216--216
[]\T1/lmtt/m/n/10.95 Rekursio on Erlangissa yvin tavanomainen tapa tehd‰ asioit
a, semminkin kun muita[] 
 []


Overfull \hbox (94.14995pt too wide) in paragraph at lines 217--217
[]\T1/lmtt/m/n/10.95 toistorakenteita ei ole. Perinteinen rekursiolla teht‰v‰ f
unktio on kertoma n!,[] 
 []


Overfull \hbox (65.40628pt too wide) in paragraph at lines 227--227
[]\T1/lmtt/m/n/10.95 T‰m‰ on on helposti ja ulkoasultaan elegantisti toteutetta
vissa Erlangilla[] 
 []


Overfull \hbox (71.15501pt too wide) in paragraph at lines 233--233
[]\T1/lmtt/m/n/10.95 J‰lleen aluksi tarkistetaan alkeistapaus, joka on t‰ss‰ ta
pauksessa luvun 0[] 
 []


Overfull \hbox (25.16515pt too wide) in paragraph at lines 234--234
[]\T1/lmtt/m/n/10.95 kertoma ja jos t‰m‰ rivi ei ota kiinni, suoritetaan seuraa
van rivin[] 
 []


Overfull \hbox (94.14995pt too wide) in paragraph at lines 235--235
[]\T1/lmtt/m/n/10.95 rekursiivinen kutsu, jossa parametrilla N kerrotaan rekurs
iivisesti kutsuttavan[] 
 []

[5]
Overfull \hbox (65.40628pt too wide) in paragraph at lines 237--237
[]\T1/lmtt/m/n/10.95 Kun rekursiokutsut saavuttavat tapauksen kertoma(0), palau
tuu tulos pitkin[] 
 []


Overfull \hbox (82.65248pt too wide) in paragraph at lines 238--238
[]\T1/lmtt/m/n/10.95 kutsuketjua alkuun. T‰m‰n l‰hestymistavan huono puoli on s
e, ett‰ tietokoneen[] 
 []


Overfull \hbox (94.14995pt too wide) in paragraph at lines 239--239
[]\T1/lmtt/m/n/10.95 muistissa joudutaan pit‰m‰‰n koko ajan jokaisen kutsun 'v‰
litulos'. Esimerkiksi[] 
 []


Overfull \hbox (99.89868pt too wide) in paragraph at lines 251--251
[]\T1/lmtt/m/n/10.95 Joutuisimme pit‰m‰‰n muistissa kaikki nuo 7 v‰livaihetta. 
T‰ss‰ tapauksessa t‰m‰[] 
 []


Overfull \hbox (76.90375pt too wide) in paragraph at lines 252--252
[]\T1/lmtt/m/n/10.95 ei olisi ongelma, mutta jos parametrina annettaisin joku t
odella suuri luku,[] 
 []


Overfull \hbox (88.40121pt too wide) in paragraph at lines 254--254
[]\T1/lmtt/m/n/10.95 T‰m‰n ongelman voi ohittaa h‰nt‰rekursiolla. H‰nt‰rekursii
vinen kertomafunktio[] 
 []


Overfull \hbox (65.40628pt too wide) in paragraph at lines 255--255
[]\T1/lmtt/m/n/10.95 toteutetaan toteutamalla myˆs apufunktio hantakertoma(N,Ac
c) johon otetaan[] 
 []


Overfull \hbox (2.17021pt too wide) in paragraph at lines 256--256
[]\T1/lmtt/m/n/10.95 mukaan viel‰ toinen parametri Acc, johon tallennetaan lask
ennan[] 
 []


Overfull \hbox (2.17021pt too wide) in paragraph at lines 262--262
[]\T1/lmtt/m/n/10.95 4. hantakertoma(N,Acc) when N > 0 -> hantakertoma(N-1, Acc
*N) .[] 
 []


Overfull \hbox (59.65755pt too wide) in paragraph at lines 273--273
[]\T1/lmtt/m/n/10.95 T‰ss‰ tapauksessa joudumme pit‰m‰‰n ainoastaan kaksi lukua
 muistissa koko[] 
 []


Overfull \hbox (25.16515pt too wide) in paragraph at lines 274--274
[]\T1/lmtt/m/n/10.95 laskennan ajan kun normaalissa rekursiossa joudumme pit‰m‰
‰n kaikki[] 
 []


Overfull \hbox (71.15501pt too wide) in paragraph at lines 275--275
[]\T1/lmtt/m/n/10.95 rekursiokutsuketjun v‰livaiheet muistissa. Jos unohdetaan 
se, kuinka paljon[] 
 []


Overfull \hbox (99.89868pt too wide) in paragraph at lines 276--276
[]\T1/lmtt/m/n/10.95 luvun 3 ja 1000 000 esitt‰minen kuluttaa muistia, kertoma(
3) ja kertoma(1000000)[] 
 []

[6]
Overfull \hbox (88.40121pt too wide) in paragraph at lines 294--294
[]\T1/lmtt/m/n/10.95 Toisin kuin muilla kielill‰, D:ll‰ ei ole ``tyhj‰n lauseen
'' (empty statement)[] 
 []


Overfull \hbox (7.91895pt too wide) in paragraph at lines 307--307
[]\T1/lmtt/m/n/10.95 Else-lause on aina sidottu l‰himp‰‰n if-lauseeseen. Esimer
kiksi:[] 
 []


Overfull \hbox (76.90375pt too wide) in paragraph at lines 317--317
[]\T1/lmtt/m/n/10.95 Useat laskeutuvat (cascading) if-else -lauseet toteutetaan
 kuten C-kieless‰.[] 
 []


Overfull \hbox (65.40628pt too wide) in paragraph at lines 320--320
[]\T1/lmtt/m/n/10.95 D:n static if -lause on C-kielen \#if-rakennetta muistutta
va k‰‰nt‰misajan[] 
 []


Overfull \hbox (99.89868pt too wide) in paragraph at lines 321--321
[]\T1/lmtt/m/n/10.95 (compile-time) selektori. Tullessaan static if -lauseen ko
hdalle k‰‰nt‰j‰ arvioi[] 
 []


Overfull \hbox (99.89868pt too wide) in paragraph at lines 322--322
[]\T1/lmtt/m/n/10.95 ohjaavan lausekkeen. Jos lauseke ei ole tyhj‰, vastaava ko
odi k‰‰nnet‰‰n. Muussa[] 
 []

[7]
Overfull \hbox (82.65248pt too wide) in paragraph at lines 325--325
[]\T1/lmtt/m/n/10.95 Static if -lauseen testaama lauseke voi olla mik‰ vain if-
testattava lauseke,[] 
 []


Overfull \hbox (76.90375pt too wide) in paragraph at lines 326--326
[]\T1/lmtt/m/n/10.95 jota voidaan arvioida k‰‰nt‰misen aikana. Mahdollisia laus
ekkeisiin kuuluvat[] 
 []


Overfull \hbox (88.40121pt too wide) in paragraph at lines 335--335
[]\T1/lmtt/m/n/10.95 D:ssa goto-lauseen k‰yttˆˆn ei liity paljoa rajoituksia, m
ik‰ D:n p‰‰kehitt‰j‰[] 
 []


Overfull \hbox (65.40628pt too wide) in paragraph at lines 336--336
[]\T1/lmtt/m/n/10.95 Andrei Alexandrescun mukaan tekee gotosta ongelmallisen ty
ˆkalun. Goto voi[] 
 []


Overfull \hbox (94.14995pt too wide) in paragraph at lines 337--337
[]\T1/lmtt/m/n/10.95 hyp‰t‰ eteen- tai taaksep‰in ja sis‰‰n ja ulos lauseista. 
Symbolin <nimi> tulee[] 
 []


Overfull \hbox (30.91388pt too wide) in paragraph at lines 343--343
[]\T1/lmtt/m/n/10.95 While- ja do-while -lauseet ovat hyvin samankaltaisia, kui
n vaikkapa[] 
 []


Overfull \hbox (99.89868pt too wide) in paragraph at lines 351--351
[]\T1/lmtt/m/n/10.95 Kuten Javassa, koodin suoritus alkaa arvioimalla while-eht
oa. Jos lauseke ei ole[] 
 []


Overfull \hbox (82.65248pt too wide) in paragraph at lines 352--352
[]\T1/lmtt/m/n/10.95 tyhj‰, silmukan sis‰ll‰ olevaa lause suoritetaan, ja silmu
kka alkaa uudestaan[] 
 []


Overfull \hbox (99.89868pt too wide) in paragraph at lines 353--353
[]\T1/lmtt/m/n/10.95 while-ehdon arvionnilla. Do - while -lauseessa vastaava la
useke suoritetaan heti[] 
 []


Overfull \hbox (94.14995pt too wide) in paragraph at lines 354--354
[]\T1/lmtt/m/n/10.95 kerran ennen while-ehdon tarkastelua. Allaolevassa esimerk
iss‰ n‰kyy myˆs D:ss‰[] 
 []


Overfull \hbox (42.41135pt too wide) in paragraph at lines 361--361
[]\T1/lmtt/m/n/10.95 Taulukoiden k‰sittelyyn foreach-lauseesta on olemassa alla
oleva muoto:[] 
 []


Overfull \hbox (82.65248pt too wide) in paragraph at lines 367--367
[]\T1/lmtt/m/n/10.95 Lausekkeen tulee olla taulukko, SLICE? tai k‰ytt‰j‰n m‰‰ri
ttelem‰ tyyppi. Kun[] 
 []


Overfull \hbox (48.16008pt too wide) in paragraph at lines 368--368
[]\T1/lmtt/m/n/10.95 <lauseke> on arvioitu kerran, viite siihen tallennetaan v‰
liaikaisesti.[] 
 []

[8]
Overfull \hbox (59.65755pt too wide) in paragraph at lines 369--369
[]\T1/lmtt/m/n/10.95 <symboli> sidotaan vuorotellen jokaiseen taulukon elementt
iin, ja <lause>[] 
 []


Overfull \hbox (19.41641pt too wide) in paragraph at lines 370--370
[]\T1/lmtt/m/n/10.95 suoritetaan. <symboli>:n yhteyteen voi m‰‰ritell‰ myˆs sen
 tyypin.[] 
 []


Overfull \hbox (134.39108pt too wide) in paragraph at lines 398--398
[]\T1/lmtt/m/n/10.95 \bibitem[KEI83]{KEI83} Hansi. M. O. Keijonen, LaTeX-dokume
nttien kirjoittaminen, 1983.[] 
 []

)
! Emergency stop.
<*> Hajaee_2.tex
                
*** (job aborted, no legal \end found)

 
Here is how much of TeX's memory you used:
 6303 strings out of 493481
 90779 string characters out of 3143393
 171047 words of memory out of 3000000
 9519 multiletter control sequences out of 15000+200000
 40652 words of font info for 37 fonts, out of 3000000 for 9000
 965 hyphenation exceptions out of 8191
 29i,6n,28p,461b,436s stack positions out of 5000i,500n,10000p,200000b,50000s
!  ==> Fatal error occurred, no output PDF file produced!
